
-----
Test: tests/test_sending_application.py::test_connect_tariff (call)
Start time: 2023-03-13 20:36:34.601699
Start name method: filling_out_the_form

End time: 2023-03-13 20:36:43.547262
End name method: filling_out_the_form
URL: https://piter-online.net/leningradskaya-oblast/orders/sat
-----

-----
Test: tests/test_sending_application.py::test_connect_tariff (call)
Start time: 2023-03-13 20:36:47.540128
Start name method: send_application_dacha

End time: 2023-03-13 20:36:48.339481
End name method: send_application_dacha
URL: https://piter-online.net/leningradskaya-oblast/orders/sat
-----

-----
Test: tests/test_sending_application.py::test_connect_tariff (call)
Start time: 2023-03-13 20:36:52.119811
Start name method: send_application_dacha

End time: 2023-03-13 20:36:52.304526
End name method: send_application_dacha
URL: https://piter-online.net/leningradskaya-oblast/orders/sat
-----

-----
Test: tests/test_sending_application.py::test_connect_tariff (call)
Start time: 2023-03-13 20:36:56.636927
Start name method: send_application_dacha

End time: 2023-03-13 20:36:56.813454
End name method: send_application_dacha
URL: https://piter-online.net/leningradskaya-oblast/orders/sat
-----

-----
Test: tests/test_sending_application.py::test_connect_tariff (call)
Start time: 2023-03-13 20:37:00.165454
Start name method: send_application_dacha

End time: 2023-03-13 20:37:00.329012
End name method: send_application_dacha
URL: https://piter-online.net/leningradskaya-oblast/orders/sat
-----

-----
Test: tests/test_sending_application.py::test_connect_tariff (call)
Start time: 2023-03-13 20:37:04.295027
Start name method: send_application_dacha

End time: 2023-03-13 20:37:04.465571
End name method: send_application_dacha
URL: https://piter-online.net/leningradskaya-oblast/orders/sat
-----
