
-----
Test: tests/test_sending_application.py::test_connect_tariff (call)
Start time: 2023-03-13 20:44:11.184192
Start name method: filling_out_the_form

End time: 2023-03-13 20:44:21.248076
End name method: filling_out_the_form
URL: https://piter-online.net/leningradskaya-oblast/orders/sat
-----

-----
Test: tests/test_sending_application.py::test_connect_tariff (call)
Start time: 2023-03-13 20:44:25.988892
Start name method: send_application_dacha

End time: 2023-03-13 20:44:27.165563
End name method: send_application_dacha
URL: https://piter-online.net/leningradskaya-oblast/orders/sat
-----

-----
Test: tests/test_sending_application.py::test_connect_tariff (call)
Start time: 2023-03-13 20:44:31.037277
Start name method: send_application_dacha

End time: 2023-03-13 20:44:31.239736
End name method: send_application_dacha
URL: https://piter-online.net/leningradskaya-oblast/orders/sat
-----

-----
Test: tests/test_sending_application.py::test_connect_tariff (call)
Start time: 2023-03-13 20:44:36.389044
Start name method: send_application_dacha

End time: 2023-03-13 20:44:36.572421
End name method: send_application_dacha
URL: https://piter-online.net/leningradskaya-oblast/orders/sat
-----

-----
Test: tests/test_sending_application.py::test_connect_tariff (call)
Start time: 2023-03-13 20:44:42.785785
Start name method: send_application_dacha

End time: 2023-03-13 20:44:42.951342
End name method: send_application_dacha
URL: https://piter-online.net/leningradskaya-oblast/orders/sat
-----

-----
Test: tests/test_sending_application.py::test_connect_tariff (call)
Start time: 2023-03-13 20:44:47.773372
Start name method: send_application_dacha

End time: 2023-03-13 20:44:47.937931
End name method: send_application_dacha
URL: https://piter-online.net/leningradskaya-oblast/orders/sat
-----
